0 info it worked if it ends with ok
1 verbose cli [ 'C:\\Program Files\\nodejs\\node.exe',
1 verbose cli   'C:\\Program Files\\nodejs\\node_modules\\npm\\bin\\npm-cli.js',
1 verbose cli   'install',
1 verbose cli   'sleep' ]
2 info using npm@2.15.9
3 info using node@v4.6.0
4 verbose install initial load of C:\Users\Usuario\Documents\Universidad\4º año\1º Cuatrimestre\Procesos de Ingeniería del Software\Solucion\package.json
5 verbose installManyTop reading scoped package data from C:\Users\Usuario\Documents\Universidad\4º año\1º Cuatrimestre\Procesos de Ingeniería del Software\Solucion\node_modules\body-parser\package.json
6 verbose installManyTop reading scoped package data from C:\Users\Usuario\Documents\Universidad\4º año\1º Cuatrimestre\Procesos de Ingeniería del Software\Solucion\node_modules\bson\package.json
7 verbose installManyTop reading scoped package data from C:\Users\Usuario\Documents\Universidad\4º año\1º Cuatrimestre\Procesos de Ingeniería del Software\Solucion\node_modules\cookies\package.json
8 verbose installManyTop reading scoped package data from C:\Users\Usuario\Documents\Universidad\4º año\1º Cuatrimestre\Procesos de Ingeniería del Software\Solucion\node_modules\core-util-is\package.json
9 verbose installManyTop reading scoped package data from C:\Users\Usuario\Documents\Universidad\4º año\1º Cuatrimestre\Procesos de Ingeniería del Software\Solucion\node_modules\es6-promise\package.json
10 verbose installManyTop reading scoped package data from C:\Users\Usuario\Documents\Universidad\4º año\1º Cuatrimestre\Procesos de Ingeniería del Software\Solucion\node_modules\express\package.json
11 verbose installManyTop reading scoped package data from C:\Users\Usuario\Documents\Universidad\4º año\1º Cuatrimestre\Procesos de Ingeniería del Software\Solucion\node_modules\fs\package.json
12 verbose installManyTop reading scoped package data from C:\Users\Usuario\Documents\Universidad\4º año\1º Cuatrimestre\Procesos de Ingeniería del Software\Solucion\node_modules\inherits\package.json
13 verbose installManyTop reading scoped package data from C:\Users\Usuario\Documents\Universidad\4º año\1º Cuatrimestre\Procesos de Ingeniería del Software\Solucion\node_modules\isarray\package.json
14 verbose installManyTop reading scoped package data from C:\Users\Usuario\Documents\Universidad\4º año\1º Cuatrimestre\Procesos de Ingeniería del Software\Solucion\node_modules\jasmine-node\package.json
15 verbose installManyTop reading scoped package data from C:\Users\Usuario\Documents\Universidad\4º año\1º Cuatrimestre\Procesos de Ingeniería del Software\Solucion\node_modules\keygrip\package.json
16 verbose installManyTop reading scoped package data from C:\Users\Usuario\Documents\Universidad\4º año\1º Cuatrimestre\Procesos de Ingeniería del Software\Solucion\node_modules\mongodb\package.json
17 verbose installManyTop reading scoped package data from C:\Users\Usuario\Documents\Universidad\4º año\1º Cuatrimestre\Procesos de Ingeniería del Software\Solucion\node_modules\mongodb-core\package.json
18 verbose installManyTop reading scoped package data from C:\Users\Usuario\Documents\Universidad\4º año\1º Cuatrimestre\Procesos de Ingeniería del Software\Solucion\node_modules\ntwitter\package.json
19 verbose installManyTop reading scoped package data from C:\Users\Usuario\Documents\Universidad\4º año\1º Cuatrimestre\Procesos de Ingeniería del Software\Solucion\node_modules\oauth\package.json
20 verbose installManyTop reading scoped package data from C:\Users\Usuario\Documents\Universidad\4º año\1º Cuatrimestre\Procesos de Ingeniería del Software\Solucion\node_modules\readable-stream\package.json
21 verbose installManyTop reading scoped package data from C:\Users\Usuario\Documents\Universidad\4º año\1º Cuatrimestre\Procesos de Ingeniería del Software\Solucion\node_modules\request\package.json
22 verbose installManyTop reading scoped package data from C:\Users\Usuario\Documents\Universidad\4º año\1º Cuatrimestre\Procesos de Ingeniería del Software\Solucion\node_modules\require_optional\package.json
23 verbose installManyTop reading scoped package data from C:\Users\Usuario\Documents\Universidad\4º año\1º Cuatrimestre\Procesos de Ingeniería del Software\Solucion\node_modules\resolve-from\package.json
24 verbose installManyTop reading scoped package data from C:\Users\Usuario\Documents\Universidad\4º año\1º Cuatrimestre\Procesos de Ingeniería del Software\Solucion\node_modules\semver\package.json
25 verbose installManyTop reading scoped package data from C:\Users\Usuario\Documents\Universidad\4º año\1º Cuatrimestre\Procesos de Ingeniería del Software\Solucion\node_modules\string_decoder\package.json
26 verbose installManyTop reading scoped package data from C:\Users\Usuario\Documents\Universidad\4º año\1º Cuatrimestre\Procesos de Ingeniería del Software\Solucion\node_modules\underscore\package.json
27 info package.json cookies@0.1.6 No repository field.
28 info package.json cookies@0.1.6 No license field.
29 info package.json fs@0.0.2 fs is also the name of a node core module.
30 info package.json fs@0.0.2 No description
31 info package.json fs@0.0.2 No repository field.
32 info package.json fs@0.0.2 No README data
33 info package.json keygrip@0.2.4 No license field.
34 info package.json mongodb@2.2.10 No README data
35 info package.json ntwitter@0.5.0 No license field.
36 info package.json oauth@0.9.14 No license field.
37 info package.json string_decoder@0.10.31 string_decoder is also the name of a node core module.
38 info package.json jasmine-node@1.14.5 No license field.
39 verbose readDependencies loading dependencies from C:\Users\Usuario\Documents\Universidad\4º año\1º Cuatrimestre\Procesos de Ingeniería del Software\Solucion\package.json
40 silly cache add args [ 'sleep', null ]
41 verbose cache add spec sleep
42 silly cache add parsed spec Result {
42 silly cache add   raw: 'sleep',
42 silly cache add   scope: null,
42 silly cache add   name: 'sleep',
42 silly cache add   rawSpec: '',
42 silly cache add   spec: 'latest',
42 silly cache add   type: 'tag' }
43 silly addNamed sleep@latest
44 verbose addNamed "latest" is being treated as a dist-tag for sleep
45 info addNameTag [ 'sleep', 'latest' ]
46 silly mapToRegistry name sleep
47 silly mapToRegistry using default registry
48 silly mapToRegistry registry https://registry.npmjs.org/
49 silly mapToRegistry data Result {
49 silly mapToRegistry   raw: 'sleep',
49 silly mapToRegistry   scope: null,
49 silly mapToRegistry   name: 'sleep',
49 silly mapToRegistry   rawSpec: '',
49 silly mapToRegistry   spec: 'latest',
49 silly mapToRegistry   type: 'tag' }
50 silly mapToRegistry uri https://registry.npmjs.org/sleep
51 verbose addNameTag registry:https://registry.npmjs.org/sleep not in flight; fetching
52 verbose request uri https://registry.npmjs.org/sleep
53 verbose request no auth needed
54 info attempt registry request try #1 at 09:44:59
55 verbose request id a33710d846716139
56 verbose etag "D6ZSM4BTOBAMTTKOZ9G36D6PY"
57 http request GET https://registry.npmjs.org/sleep
58 http 304 https://registry.npmjs.org/sleep
59 verbose headers { date: 'Wed, 02 Nov 2016 08:45:04 GMT',
59 verbose headers   via: '1.1 varnish',
59 verbose headers   'cache-control': 'max-age=300',
59 verbose headers   etag: '"D6ZSM4BTOBAMTTKOZ9G36D6PY"',
59 verbose headers   age: '187',
59 verbose headers   connection: 'keep-alive',
59 verbose headers   'x-served-by': 'cache-lcy1149-LCY',
59 verbose headers   'x-cache': 'HIT',
59 verbose headers   'x-cache-hits': '1',
59 verbose headers   'x-timer': 'S1478076304.196344,VS0,VE0',
59 verbose headers   vary: 'Accept-Encoding' }
60 silly get cb [ 304,
60 silly get   { date: 'Wed, 02 Nov 2016 08:45:04 GMT',
60 silly get     via: '1.1 varnish',
60 silly get     'cache-control': 'max-age=300',
60 silly get     etag: '"D6ZSM4BTOBAMTTKOZ9G36D6PY"',
60 silly get     age: '187',
60 silly get     connection: 'keep-alive',
60 silly get     'x-served-by': 'cache-lcy1149-LCY',
60 silly get     'x-cache': 'HIT',
60 silly get     'x-cache-hits': '1',
60 silly get     'x-timer': 'S1478076304.196344,VS0,VE0',
60 silly get     vary: 'Accept-Encoding' } ]
61 verbose etag https://registry.npmjs.org/sleep from cache
62 verbose get saving sleep to C:\Users\Usuario\AppData\Roaming\npm-cache\registry.npmjs.org\sleep\.cache.json
63 verbose correctMkdir C:\Users\Usuario\AppData\Roaming\npm-cache correctMkdir not in flight; initializing
64 silly addNameTag next cb for sleep with tag latest
65 silly addNamed sleep@4.0.0
66 verbose addNamed "4.0.0" is a plain semver version for sleep
67 silly cache afterAdd sleep@4.0.0
68 verbose afterAdd C:\Users\Usuario\AppData\Roaming\npm-cache\sleep\4.0.0\package\package.json not in flight; writing
69 verbose correctMkdir C:\Users\Usuario\AppData\Roaming\npm-cache correctMkdir not in flight; initializing
70 verbose afterAdd C:\Users\Usuario\AppData\Roaming\npm-cache\sleep\4.0.0\package\package.json written
71 silly install resolved [ { name: 'sleep',
71 silly install resolved     version: '4.0.0',
71 silly install resolved     main: 'index.js',
71 silly install resolved     description: 'Add sleep() and usleep() to nodejs',
71 silly install resolved     homepage: 'http://github.com/ErikDubbelboer/node-sleep',
71 silly install resolved     author: { name: 'Erik Dubbelboer', email: 'erik@dubbelboer.com' },
71 silly install resolved     license: 'MIT',
71 silly install resolved     scripts: { test: 'mocha', install: 'node-gyp rebuild' },
71 silly install resolved     engines: { node: '>=0.4.0' },
71 silly install resolved     keywords: [ 'sleep', 'usleep' ],
71 silly install resolved     repository:
71 silly install resolved      { type: 'git',
71 silly install resolved        url: 'git+https://github.com/ErikDubbelboer/node-sleep.git' },
71 silly install resolved     dependencies: { nan: '>=2.0.0' },
71 silly install resolved     devDependencies: { mocha: '^3.0.2' },
71 silly install resolved     bin:
71 silly install resolved      { sleep: './bin/sleep',
71 silly install resolved        sleepuv: './bin/sleep',
71 silly install resolved        usleep: './bin/sleep',
71 silly install resolved        usleepuv: './bin/sleep' },
71 silly install resolved     gypfile: true,
71 silly install resolved     gitHead: 'f9295df1b7cd42663f77d936de2ddf3519bebe0c',
71 silly install resolved     bugs: { url: 'https://github.com/ErikDubbelboer/node-sleep/issues' },
71 silly install resolved     _id: 'sleep@4.0.0',
71 silly install resolved     _shasum: '8d465f9671cbef89d5688150ff2edf9c9e6a9879',
71 silly install resolved     _from: 'sleep@latest',
71 silly install resolved     _npmVersion: '2.14.12',
71 silly install resolved     _nodeVersion: '4.2.4',
71 silly install resolved     _npmUser: { name: 'erikdubbelboer', email: 'erik@dubbelboer.com' },
71 silly install resolved     maintainers: [ [Object] ],
71 silly install resolved     dist:
71 silly install resolved      { shasum: '8d465f9671cbef89d5688150ff2edf9c9e6a9879',
71 silly install resolved        tarball: 'https://registry.npmjs.org/sleep/-/sleep-4.0.0.tgz' },
71 silly install resolved     _npmOperationalInternal:
71 silly install resolved      { host: 'packages-16-east.internal.npmjs.com',
71 silly install resolved        tmp: 'tmp/sleep-4.0.0.tgz_1473239686554_0.6634265999309719' },
71 silly install resolved     directories: {},
71 silly install resolved     _resolved: 'https://registry.npmjs.org/sleep/-/sleep-4.0.0.tgz',
71 silly install resolved     readme: 'ERROR: No README data found!' } ]
72 info install sleep@4.0.0 into C:\Users\Usuario\Documents\Universidad\4º año\1º Cuatrimestre\Procesos de Ingeniería del Software\Solucion
73 info installOne sleep@4.0.0
74 verbose installOne of sleep to C:\Users\Usuario\Documents\Universidad\4º año\1º Cuatrimestre\Procesos de Ingeniería del Software\Solucion not in flight; installing
75 verbose correctMkdir C:\Users\Usuario\AppData\Roaming\npm-cache\_locks correctMkdir not in flight; initializing
76 verbose lock using C:\Users\Usuario\AppData\Roaming\npm-cache\_locks\sleep-ff0b92a44d580021.lock for C:\Users\Usuario\Documents\Universidad\4º año\1º Cuatrimestre\Procesos de Ingeniería del Software\Solucion\node_modules\sleep
77 silly install write writing sleep 4.0.0 to C:\Users\Usuario\Documents\Universidad\4º año\1º Cuatrimestre\Procesos de Ingeniería del Software\Solucion\node_modules\sleep
78 verbose unbuild node_modules\sleep
79 silly gentlyRm C:\Users\Usuario\Documents\Universidad\4º año\1º Cuatrimestre\Procesos de Ingeniería del Software\Solucion\node_modules\sleep is being purged from base C:\Users\Usuario\Documents\Universidad\4º año\1º Cuatrimestre\Procesos de Ingeniería del Software\Solucion
80 verbose gentlyRm don't care about contents; nuking C:\Users\Usuario\Documents\Universidad\4º año\1º Cuatrimestre\Procesos de Ingeniería del Software\Solucion\node_modules\sleep
81 verbose tar unpack C:\Users\Usuario\AppData\Roaming\npm-cache\sleep\4.0.0\package.tgz
82 verbose tar unpacking to C:\Users\Usuario\Documents\Universidad\4º año\1º Cuatrimestre\Procesos de Ingeniería del Software\Solucion\node_modules\sleep
83 silly gentlyRm C:\Users\Usuario\Documents\Universidad\4º año\1º Cuatrimestre\Procesos de Ingeniería del Software\Solucion\node_modules\sleep is being purged
84 verbose gentlyRm don't care about contents; nuking C:\Users\Usuario\Documents\Universidad\4º año\1º Cuatrimestre\Procesos de Ingeniería del Software\Solucion\node_modules\sleep
85 silly gunzTarPerm modes [ '777', '666' ]
86 silly gunzTarPerm extractEntry package.json
87 silly gunzTarPerm modified mode [ 'package.json', 436, 438 ]
88 silly gunzTarPerm extractEntry .npmignore
89 silly gunzTarPerm modified mode [ '.npmignore', 436, 438 ]
90 silly gunzTarPerm extractEntry README.md
91 silly gunzTarPerm modified mode [ 'README.md', 436, 438 ]
92 silly gunzTarPerm extractEntry index.js
93 silly gunzTarPerm modified mode [ 'index.js', 436, 438 ]
94 silly gunzTarPerm extractEntry test.js
95 silly gunzTarPerm modified mode [ 'test.js', 436, 438 ]
96 silly gunzTarPerm extractEntry LICENSE.txt
97 silly gunzTarPerm modified mode [ 'LICENSE.txt', 436, 438 ]
98 silly gunzTarPerm extractEntry bin/sleep
99 silly gunzTarPerm modified mode [ 'bin/sleep', 509, 511 ]
100 silly gunzTarPerm extractEntry binding.gyp
101 silly gunzTarPerm modified mode [ 'binding.gyp', 436, 438 ]
102 silly gunzTarPerm extractEntry sleep.cc
103 silly gunzTarPerm modified mode [ 'sleep.cc', 436, 438 ]
104 verbose write writing to C:\Users\Usuario\Documents\Universidad\4º año\1º Cuatrimestre\Procesos de Ingeniería del Software\Solucion\node_modules\sleep\package.json
105 info preinstall sleep@4.0.0
106 verbose readDependencies loading dependencies from C:\Users\Usuario\Documents\Universidad\4º año\1º Cuatrimestre\Procesos de Ingeniería del Software\Solucion\node_modules\sleep\package.json
107 silly prepareForInstallMany adding nan@>=2.0.0 from sleep dependencies
108 verbose readDependencies loading dependencies from C:\Users\Usuario\Documents\Universidad\4º año\1º Cuatrimestre\Procesos de Ingeniería del Software\Solucion\node_modules\sleep\package.json
109 silly cache add args [ 'nan@>=2.0.0', null ]
110 verbose cache add spec nan@>=2.0.0
111 silly cache add parsed spec Result {
111 silly cache add   raw: 'nan@>=2.0.0',
111 silly cache add   scope: null,
111 silly cache add   name: 'nan',
111 silly cache add   rawSpec: '>=2.0.0',
111 silly cache add   spec: '>=2.0.0',
111 silly cache add   type: 'range' }
112 silly addNamed nan@>=2.0.0
113 verbose addNamed ">=2.0.0" is a valid semver range for nan
114 silly addNameRange { name: 'nan', range: '>=2.0.0', hasData: false }
115 silly mapToRegistry name nan
116 silly mapToRegistry using default registry
117 silly mapToRegistry registry https://registry.npmjs.org/
118 silly mapToRegistry data Result {
118 silly mapToRegistry   raw: 'nan',
118 silly mapToRegistry   scope: null,
118 silly mapToRegistry   name: 'nan',
118 silly mapToRegistry   rawSpec: '',
118 silly mapToRegistry   spec: 'latest',
118 silly mapToRegistry   type: 'tag' }
119 silly mapToRegistry uri https://registry.npmjs.org/nan
120 verbose addNameRange registry:https://registry.npmjs.org/nan not in flight; fetching
121 verbose request uri https://registry.npmjs.org/nan
122 verbose request no auth needed
123 info attempt registry request try #1 at 09:45:00
124 verbose etag "64LN9YQI6X4XTPFBYZLET8KF2"
125 http request GET https://registry.npmjs.org/nan
126 http 304 https://registry.npmjs.org/nan
127 verbose headers { date: 'Wed, 02 Nov 2016 08:45:04 GMT',
127 verbose headers   via: '1.1 varnish',
127 verbose headers   'cache-control': 'max-age=300',
127 verbose headers   etag: '"64LN9YQI6X4XTPFBYZLET8KF2"',
127 verbose headers   age: '59',
127 verbose headers   connection: 'keep-alive',
127 verbose headers   'x-served-by': 'cache-lcy1149-LCY',
127 verbose headers   'x-cache': 'HIT',
127 verbose headers   'x-cache-hits': '1',
127 verbose headers   'x-timer': 'S1478076304.609681,VS0,VE0',
127 verbose headers   vary: 'Accept-Encoding' }
128 silly get cb [ 304,
128 silly get   { date: 'Wed, 02 Nov 2016 08:45:04 GMT',
128 silly get     via: '1.1 varnish',
128 silly get     'cache-control': 'max-age=300',
128 silly get     etag: '"64LN9YQI6X4XTPFBYZLET8KF2"',
128 silly get     age: '59',
128 silly get     connection: 'keep-alive',
128 silly get     'x-served-by': 'cache-lcy1149-LCY',
128 silly get     'x-cache': 'HIT',
128 silly get     'x-cache-hits': '1',
128 silly get     'x-timer': 'S1478076304.609681,VS0,VE0',
128 silly get     vary: 'Accept-Encoding' } ]
129 verbose etag https://registry.npmjs.org/nan from cache
130 verbose get saving nan to C:\Users\Usuario\AppData\Roaming\npm-cache\registry.npmjs.org\nan\.cache.json
131 verbose correctMkdir C:\Users\Usuario\AppData\Roaming\npm-cache correctMkdir not in flight; initializing
132 silly addNameRange number 2 { name: 'nan', range: '>=2.0.0', hasData: true }
133 silly addNameRange versions [ 'nan',
133 silly addNameRange   [ '0.3.0-wip',
133 silly addNameRange     '0.3.0-wip2',
133 silly addNameRange     '0.3.0',
133 silly addNameRange     '0.3.1',
133 silly addNameRange     '0.3.2',
133 silly addNameRange     '0.4.0',
133 silly addNameRange     '0.4.1',
133 silly addNameRange     '0.4.2',
133 silly addNameRange     '0.4.3',
133 silly addNameRange     '0.4.4',
133 silly addNameRange     '0.5.0',
133 silly addNameRange     '0.5.1',
133 silly addNameRange     '0.5.2',
133 silly addNameRange     '0.6.0',
133 silly addNameRange     '0.7.0',
133 silly addNameRange     '0.7.1',
133 silly addNameRange     '0.8.0',
133 silly addNameRange     '1.0.0',
133 silly addNameRange     '1.1.0',
133 silly addNameRange     '1.1.1',
133 silly addNameRange     '1.1.2',
133 silly addNameRange     '1.2.0',
133 silly addNameRange     '1.3.0',
133 silly addNameRange     '1.4.0',
133 silly addNameRange     '1.4.1',
133 silly addNameRange     '1.5.0',
133 silly addNameRange     '1.4.2',
133 silly addNameRange     '1.4.3',
133 silly addNameRange     '1.5.1',
133 silly addNameRange     '1.5.2',
133 silly addNameRange     '1.6.0',
133 silly addNameRange     '1.5.3',
133 silly addNameRange     '1.6.1',
133 silly addNameRange     '1.6.2',
133 silly addNameRange     '1.7.0',
133 silly addNameRange     '1.8.0',
133 silly addNameRange     '1.8.1',
133 silly addNameRange     '1.8.2',
133 silly addNameRange     '1.8.3',
133 silly addNameRange     '1.8.4',
133 silly addNameRange     '1.9.0',
133 silly addNameRange     '2.0.0',
133 silly addNameRange     '2.0.1',
133 silly addNameRange     '2.0.2',
133 silly addNameRange     '2.0.3',
133 silly addNameRange     '2.0.4',
133 silly addNameRange     '2.0.5',
133 silly addNameRange     '2.0.6',
133 silly addNameRange     '2.0.7',
133 silly addNameRange     '2.0.8',
133 silly addNameRange     '2.0.9',
133 silly addNameRange     '2.1.0',
133 silly addNameRange     '2.2.0',
133 silly addNameRange     '2.2.1',
133 silly addNameRange     '2.3.0',
133 silly addNameRange     '2.3.1',
133 silly addNameRange     '2.3.2',
133 silly addNameRange     '2.3.3',
133 silly addNameRange     '2.3.4',
133 silly addNameRange     '2.3.5',
133 silly addNameRange     '2.4.0' ] ]
134 silly addNamed nan@2.4.0
135 verbose addNamed "2.4.0" is a plain semver version for nan
136 silly cache afterAdd nan@2.4.0
137 verbose afterAdd C:\Users\Usuario\AppData\Roaming\npm-cache\nan\2.4.0\package\package.json not in flight; writing
138 verbose correctMkdir C:\Users\Usuario\AppData\Roaming\npm-cache correctMkdir not in flight; initializing
139 verbose afterAdd C:\Users\Usuario\AppData\Roaming\npm-cache\nan\2.4.0\package\package.json written
140 silly install resolved [ { name: 'nan',
140 silly install resolved     version: '2.4.0',
140 silly install resolved     description: 'Native Abstractions for Node.js: C++ header for Node 0.8 -> 6 compatibility',
140 silly install resolved     main: 'include_dirs.js',
140 silly install resolved     repository: { type: 'git', url: 'git://github.com/nodejs/nan.git' },
140 silly install resolved     scripts:
140 silly install resolved      { test: 'tap --gc --stderr test/js/*-test.js',
140 silly install resolved        'rebuild-tests': 'node-gyp rebuild --msvs_version=2013 --directory test',
140 silly install resolved        docs: 'doc/.build.sh' },
140 silly install resolved     contributors:
140 silly install resolved      [ [Object],
140 silly install resolved        [Object],
140 silly install resolved        [Object],
140 silly install resolved        [Object],
140 silly install resolved        [Object],
140 silly install resolved        [Object],
140 silly install resolved        [Object] ],
140 silly install resolved     devDependencies:
140 silly install resolved      { bindings: '~1.2.1',
140 silly install resolved        commander: '^2.8.1',
140 silly install resolved        glob: '^5.0.14',
140 silly install resolved        'node-gyp': '~3.0.1',
140 silly install resolved        'readable-stream': '^2.1.4',
140 silly install resolved        tap: '~0.7.1',
140 silly install resolved        xtend: '~4.0.0' },
140 silly install resolved     license: 'MIT',
140 silly install resolved     bugs: { url: 'https://github.com/nodejs/nan/issues' },
140 silly install resolved     homepage: 'https://github.com/nodejs/nan#readme',
140 silly install resolved     _id: 'nan@2.4.0',
140 silly install resolved     _shasum: 'fb3c59d45fe4effe215f0b890f8adf6eb32d2232',
140 silly install resolved     _resolved: 'https://registry.npmjs.org/nan/-/nan-2.4.0.tgz',
140 silly install resolved     _from: 'nan@>=2.0.0',
140 silly install resolved     _npmVersion: '3.3.6',
140 silly install resolved     _nodeVersion: '5.0.0',
140 silly install resolved     _npmUser: { name: 'kkoopa', email: 'bbyholm@abo.fi' },
140 silly install resolved     dist:
140 silly install resolved      { shasum: 'fb3c59d45fe4effe215f0b890f8adf6eb32d2232',
140 silly install resolved        tarball: 'https://registry.npmjs.org/nan/-/nan-2.4.0.tgz' },
140 silly install resolved     maintainers: [ [Object], [Object] ],
140 silly install resolved     _npmOperationalInternal:
140 silly install resolved      { host: 'packages-16-east.internal.npmjs.com',
140 silly install resolved        tmp: 'tmp/nan-2.4.0.tgz_1468158679820_0.6951719264034182' },
140 silly install resolved     directories: {},
140 silly install resolved     readme: 'ERROR: No README data found!' } ]
141 info install nan@2.4.0 into C:\Users\Usuario\Documents\Universidad\4º año\1º Cuatrimestre\Procesos de Ingeniería del Software\Solucion\node_modules\sleep
142 info installOne nan@2.4.0
143 verbose installOne of nan to C:\Users\Usuario\Documents\Universidad\4º año\1º Cuatrimestre\Procesos de Ingeniería del Software\Solucion\node_modules\sleep not in flight; installing
144 verbose correctMkdir C:\Users\Usuario\AppData\Roaming\npm-cache\_locks correctMkdir not in flight; initializing
145 verbose lock using C:\Users\Usuario\AppData\Roaming\npm-cache\_locks\nan-fa27656d7d7458d3.lock for C:\Users\Usuario\Documents\Universidad\4º año\1º Cuatrimestre\Procesos de Ingeniería del Software\Solucion\node_modules\sleep\node_modules\nan
146 silly install write writing nan 2.4.0 to C:\Users\Usuario\Documents\Universidad\4º año\1º Cuatrimestre\Procesos de Ingeniería del Software\Solucion\node_modules\sleep\node_modules\nan
147 verbose unbuild node_modules\sleep\node_modules\nan
148 silly gentlyRm C:\Users\Usuario\Documents\Universidad\4º año\1º Cuatrimestre\Procesos de Ingeniería del Software\Solucion\node_modules\sleep\node_modules\nan is being purged from base C:\Users\Usuario\Documents\Universidad\4º año\1º Cuatrimestre\Procesos de Ingeniería del Software\Solucion
149 verbose gentlyRm don't care about contents; nuking C:\Users\Usuario\Documents\Universidad\4º año\1º Cuatrimestre\Procesos de Ingeniería del Software\Solucion\node_modules\sleep\node_modules\nan
150 verbose tar unpack C:\Users\Usuario\AppData\Roaming\npm-cache\nan\2.4.0\package.tgz
151 verbose tar unpacking to C:\Users\Usuario\Documents\Universidad\4º año\1º Cuatrimestre\Procesos de Ingeniería del Software\Solucion\node_modules\sleep\node_modules\nan
152 silly gentlyRm C:\Users\Usuario\Documents\Universidad\4º año\1º Cuatrimestre\Procesos de Ingeniería del Software\Solucion\node_modules\sleep\node_modules\nan is being purged
153 verbose gentlyRm don't care about contents; nuking C:\Users\Usuario\Documents\Universidad\4º año\1º Cuatrimestre\Procesos de Ingeniería del Software\Solucion\node_modules\sleep\node_modules\nan
154 silly gunzTarPerm modes [ '777', '666' ]
155 silly gunzTarPerm extractEntry package.json
156 silly gunzTarPerm modified mode [ 'package.json', 436, 438 ]
157 silly gunzTarPerm extractEntry README.md
158 silly gunzTarPerm modified mode [ 'README.md', 436, 438 ]
159 silly gunzTarPerm extractEntry include_dirs.js
160 silly gunzTarPerm modified mode [ 'include_dirs.js', 436, 438 ]
161 silly gunzTarPerm extractEntry nan_callbacks_pre_12_inl.h
162 silly gunzTarPerm modified mode [ 'nan_callbacks_pre_12_inl.h', 436, 438 ]
163 silly gunzTarPerm extractEntry CHANGELOG.md
164 silly gunzTarPerm modified mode [ 'CHANGELOG.md', 436, 438 ]
165 silly gunzTarPerm extractEntry LICENSE.md
166 silly gunzTarPerm modified mode [ 'LICENSE.md', 436, 438 ]
167 silly gunzTarPerm extractEntry doc/node_misc.md
168 silly gunzTarPerm modified mode [ 'doc/node_misc.md', 436, 438 ]
169 silly gunzTarPerm extractEntry doc/asyncworker.md
170 silly gunzTarPerm modified mode [ 'doc/asyncworker.md', 436, 438 ]
171 silly gunzTarPerm extractEntry doc/callback.md
172 silly gunzTarPerm modified mode [ 'doc/callback.md', 436, 438 ]
173 silly gunzTarPerm extractEntry doc/converters.md
174 silly gunzTarPerm modified mode [ 'doc/converters.md', 436, 438 ]
175 silly gunzTarPerm extractEntry doc/errors.md
176 silly gunzTarPerm modified mode [ 'doc/errors.md', 436, 438 ]
177 silly gunzTarPerm extractEntry doc/maybe_types.md
178 silly gunzTarPerm modified mode [ 'doc/maybe_types.md', 436, 438 ]
179 silly gunzTarPerm extractEntry doc/methods.md
180 silly gunzTarPerm modified mode [ 'doc/methods.md', 436, 438 ]
181 silly gunzTarPerm extractEntry doc/new.md
182 silly gunzTarPerm modified mode [ 'doc/new.md', 436, 438 ]
183 silly gunzTarPerm extractEntry doc/buffers.md
184 silly gunzTarPerm modified mode [ 'doc/buffers.md', 436, 438 ]
185 silly gunzTarPerm extractEntry doc/object_wrappers.md
186 silly gunzTarPerm modified mode [ 'doc/object_wrappers.md', 436, 438 ]
187 silly gunzTarPerm extractEntry doc/persistent.md
188 silly gunzTarPerm modified mode [ 'doc/persistent.md', 436, 438 ]
189 silly gunzTarPerm extractEntry doc/scopes.md
190 silly gunzTarPerm modified mode [ 'doc/scopes.md', 436, 438 ]
191 silly gunzTarPerm extractEntry doc/script.md
192 silly gunzTarPerm modified mode [ 'doc/script.md', 436, 438 ]
193 silly gunzTarPerm extractEntry doc/string_bytes.md
194 silly gunzTarPerm modified mode [ 'doc/string_bytes.md', 436, 438 ]
195 silly gunzTarPerm extractEntry doc/v8_internals.md
196 silly gunzTarPerm modified mode [ 'doc/v8_internals.md', 436, 438 ]
197 silly gunzTarPerm extractEntry doc/v8_misc.md
198 silly gunzTarPerm modified mode [ 'doc/v8_misc.md', 436, 438 ]
199 silly gunzTarPerm extractEntry nan.h
200 silly gunzTarPerm modified mode [ 'nan.h', 436, 438 ]
201 silly gunzTarPerm extractEntry nan_callbacks.h
202 silly gunzTarPerm modified mode [ 'nan_callbacks.h', 436, 438 ]
203 silly gunzTarPerm extractEntry nan_callbacks_12_inl.h
204 silly gunzTarPerm modified mode [ 'nan_callbacks_12_inl.h', 436, 438 ]
205 silly gunzTarPerm extractEntry nan_converters.h
206 silly gunzTarPerm modified mode [ 'nan_converters.h', 436, 438 ]
207 silly gunzTarPerm extractEntry nan_converters_43_inl.h
208 silly gunzTarPerm modified mode [ 'nan_converters_43_inl.h', 436, 438 ]
209 silly gunzTarPerm extractEntry nan_converters_pre_43_inl.h
210 silly gunzTarPerm modified mode [ 'nan_converters_pre_43_inl.h', 436, 438 ]
211 silly gunzTarPerm extractEntry nan_implementation_12_inl.h
212 silly gunzTarPerm modified mode [ 'nan_implementation_12_inl.h', 436, 438 ]
213 silly gunzTarPerm extractEntry nan_implementation_pre_12_inl.h
214 silly gunzTarPerm modified mode [ 'nan_implementation_pre_12_inl.h', 436, 438 ]
215 silly gunzTarPerm extractEntry nan_maybe_43_inl.h
216 silly gunzTarPerm modified mode [ 'nan_maybe_43_inl.h', 436, 438 ]
217 silly gunzTarPerm extractEntry nan_maybe_pre_43_inl.h
218 silly gunzTarPerm modified mode [ 'nan_maybe_pre_43_inl.h', 436, 438 ]
219 silly gunzTarPerm extractEntry nan_new.h
220 silly gunzTarPerm modified mode [ 'nan_new.h', 436, 438 ]
221 silly gunzTarPerm extractEntry nan_object_wrap.h
222 silly gunzTarPerm modified mode [ 'nan_object_wrap.h', 436, 438 ]
223 silly gunzTarPerm extractEntry nan_persistent_12_inl.h
224 silly gunzTarPerm modified mode [ 'nan_persistent_12_inl.h', 436, 438 ]
225 silly gunzTarPerm extractEntry nan_persistent_pre_12_inl.h
226 silly gunzTarPerm modified mode [ 'nan_persistent_pre_12_inl.h', 436, 438 ]
227 silly gunzTarPerm extractEntry nan_string_bytes.h
228 silly gunzTarPerm modified mode [ 'nan_string_bytes.h', 436, 438 ]
229 silly gunzTarPerm extractEntry nan_typedarray_contents.h
230 silly gunzTarPerm modified mode [ 'nan_typedarray_contents.h', 436, 438 ]
231 silly gunzTarPerm extractEntry nan_weak.h
232 silly gunzTarPerm modified mode [ 'nan_weak.h', 436, 438 ]
233 silly gunzTarPerm extractEntry tools/package.json
234 silly gunzTarPerm modified mode [ 'tools/package.json', 436, 438 ]
235 silly gunzTarPerm extractEntry tools/README.md
236 silly gunzTarPerm modified mode [ 'tools/README.md', 436, 438 ]
237 silly gunzTarPerm extractEntry tools/1to2.js
238 silly gunzTarPerm modified mode [ 'tools/1to2.js', 509, 511 ]
239 verbose write writing to C:\Users\Usuario\Documents\Universidad\4º año\1º Cuatrimestre\Procesos de Ingeniería del Software\Solucion\node_modules\sleep\node_modules\nan\package.json
240 info preinstall nan@2.4.0
241 verbose readDependencies loading dependencies from C:\Users\Usuario\Documents\Universidad\4º año\1º Cuatrimestre\Procesos de Ingeniería del Software\Solucion\node_modules\sleep\node_modules\nan\package.json
242 verbose readDependencies loading dependencies from C:\Users\Usuario\Documents\Universidad\4º año\1º Cuatrimestre\Procesos de Ingeniería del Software\Solucion\node_modules\sleep\node_modules\nan\package.json
243 silly install resolved []
244 verbose about to build C:\Users\Usuario\Documents\Universidad\4º año\1º Cuatrimestre\Procesos de Ingeniería del Software\Solucion\node_modules\sleep\node_modules\nan
245 info build C:\Users\Usuario\Documents\Universidad\4º año\1º Cuatrimestre\Procesos de Ingeniería del Software\Solucion\node_modules\sleep\node_modules\nan
246 info linkStuff nan@2.4.0
247 silly linkStuff nan@2.4.0 has C:\Users\Usuario\Documents\Universidad\4º año\1º Cuatrimestre\Procesos de Ingeniería del Software\Solucion\node_modules\sleep\node_modules as its parent node_modules
248 verbose linkBins nan@2.4.0
249 verbose linkMans nan@2.4.0
250 verbose rebuildBundles nan@2.4.0
251 info install nan@2.4.0
252 info postinstall nan@2.4.0
253 verbose unlock done using C:\Users\Usuario\AppData\Roaming\npm-cache\_locks\nan-fa27656d7d7458d3.lock for C:\Users\Usuario\Documents\Universidad\4º año\1º Cuatrimestre\Procesos de Ingeniería del Software\Solucion\node_modules\sleep\node_modules\nan
254 verbose about to build C:\Users\Usuario\Documents\Universidad\4º año\1º Cuatrimestre\Procesos de Ingeniería del Software\Solucion\node_modules\sleep
255 info build C:\Users\Usuario\Documents\Universidad\4º año\1º Cuatrimestre\Procesos de Ingeniería del Software\Solucion\node_modules\sleep
256 info linkStuff sleep@4.0.0
257 silly linkStuff sleep@4.0.0 has C:\Users\Usuario\Documents\Universidad\4º año\1º Cuatrimestre\Procesos de Ingeniería del Software\Solucion\node_modules as its parent node_modules
258 verbose linkBins sleep@4.0.0
259 verbose link bins [ { sleep: './bin/sleep',
259 verbose link bins     sleepuv: './bin/sleep',
259 verbose link bins     usleep: './bin/sleep',
259 verbose link bins     usleepuv: './bin/sleep' },
259 verbose link bins   'C:\\Users\\Usuario\\Documents\\Universidad\\4º año\\1º Cuatrimestre\\Procesos de Ingeniería del Software\\Solucion\\node_modules\\.bin',
259 verbose link bins   false ]
260 verbose linkMans sleep@4.0.0
261 verbose rebuildBundles sleep@4.0.0
262 verbose rebuildBundles [ 'nan' ]
263 info install sleep@4.0.0
264 verbose unsafe-perm in lifecycle true
265 info sleep@4.0.0 Failed to exec install script
266 verbose unlock done using C:\Users\Usuario\AppData\Roaming\npm-cache\_locks\sleep-ff0b92a44d580021.lock for C:\Users\Usuario\Documents\Universidad\4º año\1º Cuatrimestre\Procesos de Ingeniería del Software\Solucion\node_modules\sleep
267 verbose stack Error: sleep@4.0.0 install: `node-gyp rebuild`
267 verbose stack Exit status 1
267 verbose stack     at EventEmitter.<anonymous> (C:\Program Files\nodejs\node_modules\npm\lib\utils\lifecycle.js:217:16)
267 verbose stack     at emitTwo (events.js:87:13)
267 verbose stack     at EventEmitter.emit (events.js:172:7)
267 verbose stack     at ChildProcess.<anonymous> (C:\Program Files\nodejs\node_modules\npm\lib\utils\spawn.js:24:14)
267 verbose stack     at emitTwo (events.js:87:13)
267 verbose stack     at ChildProcess.emit (events.js:172:7)
267 verbose stack     at maybeClose (internal/child_process.js:829:16)
267 verbose stack     at Process.ChildProcess._handle.onexit (internal/child_process.js:211:5)
268 verbose pkgid sleep@4.0.0
269 verbose cwd C:\Users\Usuario\Documents\Universidad\4º año\1º Cuatrimestre\Procesos de Ingeniería del Software\Solucion
270 error Windows_NT 10.0.14393
271 error argv "C:\\Program Files\\nodejs\\node.exe" "C:\\Program Files\\nodejs\\node_modules\\npm\\bin\\npm-cli.js" "install" "sleep"
272 error node v4.6.0
273 error npm  v2.15.9
274 error code ELIFECYCLE
275 error sleep@4.0.0 install: `node-gyp rebuild`
275 error Exit status 1
276 error Failed at the sleep@4.0.0 install script 'node-gyp rebuild'.
276 error This is most likely a problem with the sleep package,
276 error not with npm itself.
276 error Tell the author that this fails on your system:
276 error     node-gyp rebuild
276 error You can get information on how to open an issue for this project with:
276 error     npm bugs sleep
276 error Or if that isn't available, you can get their info via:
276 error
276 error     npm owner ls sleep
276 error There is likely additional logging output above.
277 verbose exit [ 1, true ]
278 verbose unbuild node_modules\sleep
279 info preuninstall sleep@4.0.0
280 info uninstall sleep@4.0.0
281 verbose unbuild rmStuff sleep@4.0.0 from C:\Users\Usuario\Documents\Universidad\4º año\1º Cuatrimestre\Procesos de Ingeniería del Software\Solucion\node_modules
282 silly gentlyRm C:\Users\Usuario\Documents\Universidad\4º año\1º Cuatrimestre\Procesos de Ingeniería del Software\Solucion\node_modules\.bin\sleep.cmd is being gently removed
283 silly gentlyRm verifying C:\Users\Usuario\Documents\Universidad\4º año\1º Cuatrimestre\Procesos de Ingeniería del Software\Solucion is an npm working directory
284 silly gentlyRm C:\Users\Usuario\Documents\Universidad\4º año\1º Cuatrimestre\Procesos de Ingeniería del Software\Solucion\node_modules\.bin\sleepuv.cmd is being gently removed
285 silly gentlyRm verifying C:\Users\Usuario\Documents\Universidad\4º año\1º Cuatrimestre\Procesos de Ingeniería del Software\Solucion is an npm working directory
286 silly gentlyRm C:\Users\Usuario\Documents\Universidad\4º año\1º Cuatrimestre\Procesos de Ingeniería del Software\Solucion\node_modules\.bin\usleep.cmd is being gently removed
287 silly gentlyRm verifying C:\Users\Usuario\Documents\Universidad\4º año\1º Cuatrimestre\Procesos de Ingeniería del Software\Solucion is an npm working directory
288 silly gentlyRm C:\Users\Usuario\Documents\Universidad\4º año\1º Cuatrimestre\Procesos de Ingeniería del Software\Solucion\node_modules\.bin\usleepuv.cmd is being gently removed
289 silly gentlyRm verifying C:\Users\Usuario\Documents\Universidad\4º año\1º Cuatrimestre\Procesos de Ingeniería del Software\Solucion is an npm working directory
290 silly gentlyRm containing path C:\Users\Usuario\Documents\Universidad\4º año\1º Cuatrimestre\Procesos de Ingeniería del Software\Solucion is under npm's control, in C:\Users\Usuario\Documents\Universidad\4º año\1º Cuatrimestre\Procesos de Ingeniería del Software\Solucion
291 silly gentlyRm deletion target C:\Users\Usuario\Documents\Universidad\4º año\1º Cuatrimestre\Procesos de Ingeniería del Software\Solucion\node_modules\.bin\sleep.cmd is under C:\Users\Usuario\Documents\Universidad\4º año\1º Cuatrimestre\Procesos de Ingeniería del Software\Solucion
292 verbose gentlyRm vacuuming from C:\Users\Usuario\Documents\Universidad\4º año\1º Cuatrimestre\Procesos de Ingeniería del Software\Solucion\node_modules\.bin\sleep.cmd up to C:\Users\Usuario\Documents\Universidad\4º año\1º Cuatrimestre\Procesos de Ingeniería del Software\Solucion
293 silly gentlyRm containing path C:\Users\Usuario\Documents\Universidad\4º año\1º Cuatrimestre\Procesos de Ingeniería del Software\Solucion is under npm's control, in C:\Users\Usuario\Documents\Universidad\4º año\1º Cuatrimestre\Procesos de Ingeniería del Software\Solucion
294 silly gentlyRm deletion target C:\Users\Usuario\Documents\Universidad\4º año\1º Cuatrimestre\Procesos de Ingeniería del Software\Solucion\node_modules\.bin\sleepuv.cmd is under C:\Users\Usuario\Documents\Universidad\4º año\1º Cuatrimestre\Procesos de Ingeniería del Software\Solucion
295 verbose gentlyRm vacuuming from C:\Users\Usuario\Documents\Universidad\4º año\1º Cuatrimestre\Procesos de Ingeniería del Software\Solucion\node_modules\.bin\sleepuv.cmd up to C:\Users\Usuario\Documents\Universidad\4º año\1º Cuatrimestre\Procesos de Ingeniería del Software\Solucion
296 silly gentlyRm containing path C:\Users\Usuario\Documents\Universidad\4º año\1º Cuatrimestre\Procesos de Ingeniería del Software\Solucion is under npm's control, in C:\Users\Usuario\Documents\Universidad\4º año\1º Cuatrimestre\Procesos de Ingeniería del Software\Solucion
297 silly gentlyRm deletion target C:\Users\Usuario\Documents\Universidad\4º año\1º Cuatrimestre\Procesos de Ingeniería del Software\Solucion\node_modules\.bin\usleep.cmd is under C:\Users\Usuario\Documents\Universidad\4º año\1º Cuatrimestre\Procesos de Ingeniería del Software\Solucion
298 verbose gentlyRm vacuuming from C:\Users\Usuario\Documents\Universidad\4º año\1º Cuatrimestre\Procesos de Ingeniería del Software\Solucion\node_modules\.bin\usleep.cmd up to C:\Users\Usuario\Documents\Universidad\4º año\1º Cuatrimestre\Procesos de Ingeniería del Software\Solucion
299 silly gentlyRm containing path C:\Users\Usuario\Documents\Universidad\4º año\1º Cuatrimestre\Procesos de Ingeniería del Software\Solucion is under npm's control, in C:\Users\Usuario\Documents\Universidad\4º año\1º Cuatrimestre\Procesos de Ingeniería del Software\Solucion
300 silly gentlyRm deletion target C:\Users\Usuario\Documents\Universidad\4º año\1º Cuatrimestre\Procesos de Ingeniería del Software\Solucion\node_modules\.bin\usleepuv.cmd is under C:\Users\Usuario\Documents\Universidad\4º año\1º Cuatrimestre\Procesos de Ingeniería del Software\Solucion
301 verbose gentlyRm vacuuming from C:\Users\Usuario\Documents\Universidad\4º año\1º Cuatrimestre\Procesos de Ingeniería del Software\Solucion\node_modules\.bin\usleepuv.cmd up to C:\Users\Usuario\Documents\Universidad\4º año\1º Cuatrimestre\Procesos de Ingeniería del Software\Solucion
302 silly vacuum-fs removing C:\Users\Usuario\Documents\Universidad\4º año\1º Cuatrimestre\Procesos de Ingeniería del Software\Solucion\node_modules\.bin\sleep.cmd
303 silly vacuum-fs removing C:\Users\Usuario\Documents\Universidad\4º año\1º Cuatrimestre\Procesos de Ingeniería del Software\Solucion\node_modules\.bin\sleepuv.cmd
304 silly vacuum-fs removing C:\Users\Usuario\Documents\Universidad\4º año\1º Cuatrimestre\Procesos de Ingeniería del Software\Solucion\node_modules\.bin\usleep.cmd
305 silly vacuum-fs removing C:\Users\Usuario\Documents\Universidad\4º año\1º Cuatrimestre\Procesos de Ingeniería del Software\Solucion\node_modules\.bin\usleepuv.cmd
306 silly vacuum-fs quitting because other entries in C:\Users\Usuario\Documents\Universidad\4º año\1º Cuatrimestre\Procesos de Ingeniería del Software\Solucion\node_modules\.bin
307 silly gentlyRm C:\Users\Usuario\Documents\Universidad\4º año\1º Cuatrimestre\Procesos de Ingeniería del Software\Solucion\node_modules\.bin\sleep is being gently removed
308 silly gentlyRm verifying C:\Users\Usuario\Documents\Universidad\4º año\1º Cuatrimestre\Procesos de Ingeniería del Software\Solucion is an npm working directory
309 silly gentlyRm containing path C:\Users\Usuario\Documents\Universidad\4º año\1º Cuatrimestre\Procesos de Ingeniería del Software\Solucion is under npm's control, in C:\Users\Usuario\Documents\Universidad\4º año\1º Cuatrimestre\Procesos de Ingeniería del Software\Solucion
310 silly gentlyRm deletion target C:\Users\Usuario\Documents\Universidad\4º año\1º Cuatrimestre\Procesos de Ingeniería del Software\Solucion\node_modules\.bin\sleep is under C:\Users\Usuario\Documents\Universidad\4º año\1º Cuatrimestre\Procesos de Ingeniería del Software\Solucion
311 verbose gentlyRm vacuuming from C:\Users\Usuario\Documents\Universidad\4º año\1º Cuatrimestre\Procesos de Ingeniería del Software\Solucion\node_modules\.bin\sleep up to C:\Users\Usuario\Documents\Universidad\4º año\1º Cuatrimestre\Procesos de Ingeniería del Software\Solucion
312 silly vacuum-fs quitting because other entries in C:\Users\Usuario\Documents\Universidad\4º año\1º Cuatrimestre\Procesos de Ingeniería del Software\Solucion\node_modules\.bin
313 silly gentlyRm C:\Users\Usuario\Documents\Universidad\4º año\1º Cuatrimestre\Procesos de Ingeniería del Software\Solucion\node_modules\.bin\sleepuv is being gently removed
314 silly gentlyRm verifying C:\Users\Usuario\Documents\Universidad\4º año\1º Cuatrimestre\Procesos de Ingeniería del Software\Solucion is an npm working directory
315 silly gentlyRm containing path C:\Users\Usuario\Documents\Universidad\4º año\1º Cuatrimestre\Procesos de Ingeniería del Software\Solucion is under npm's control, in C:\Users\Usuario\Documents\Universidad\4º año\1º Cuatrimestre\Procesos de Ingeniería del Software\Solucion
316 silly gentlyRm deletion target C:\Users\Usuario\Documents\Universidad\4º año\1º Cuatrimestre\Procesos de Ingeniería del Software\Solucion\node_modules\.bin\sleepuv is under C:\Users\Usuario\Documents\Universidad\4º año\1º Cuatrimestre\Procesos de Ingeniería del Software\Solucion
317 verbose gentlyRm vacuuming from C:\Users\Usuario\Documents\Universidad\4º año\1º Cuatrimestre\Procesos de Ingeniería del Software\Solucion\node_modules\.bin\sleepuv up to C:\Users\Usuario\Documents\Universidad\4º año\1º Cuatrimestre\Procesos de Ingeniería del Software\Solucion
318 silly vacuum-fs quitting because other entries in C:\Users\Usuario\Documents\Universidad\4º año\1º Cuatrimestre\Procesos de Ingeniería del Software\Solucion\node_modules\.bin
319 silly gentlyRm C:\Users\Usuario\Documents\Universidad\4º año\1º Cuatrimestre\Procesos de Ingeniería del Software\Solucion\node_modules\.bin\usleep is being gently removed
320 silly gentlyRm verifying C:\Users\Usuario\Documents\Universidad\4º año\1º Cuatrimestre\Procesos de Ingeniería del Software\Solucion is an npm working directory
321 silly gentlyRm containing path C:\Users\Usuario\Documents\Universidad\4º año\1º Cuatrimestre\Procesos de Ingeniería del Software\Solucion is under npm's control, in C:\Users\Usuario\Documents\Universidad\4º año\1º Cuatrimestre\Procesos de Ingeniería del Software\Solucion
322 silly gentlyRm deletion target C:\Users\Usuario\Documents\Universidad\4º año\1º Cuatrimestre\Procesos de Ingeniería del Software\Solucion\node_modules\.bin\usleep is under C:\Users\Usuario\Documents\Universidad\4º año\1º Cuatrimestre\Procesos de Ingeniería del Software\Solucion
323 verbose gentlyRm vacuuming from C:\Users\Usuario\Documents\Universidad\4º año\1º Cuatrimestre\Procesos de Ingeniería del Software\Solucion\node_modules\.bin\usleep up to C:\Users\Usuario\Documents\Universidad\4º año\1º Cuatrimestre\Procesos de Ingeniería del Software\Solucion
324 silly vacuum-fs quitting because other entries in C:\Users\Usuario\Documents\Universidad\4º año\1º Cuatrimestre\Procesos de Ingeniería del Software\Solucion\node_modules\.bin
325 silly gentlyRm C:\Users\Usuario\Documents\Universidad\4º año\1º Cuatrimestre\Procesos de Ingeniería del Software\Solucion\node_modules\.bin\usleepuv is being gently removed
326 silly gentlyRm verifying C:\Users\Usuario\Documents\Universidad\4º año\1º Cuatrimestre\Procesos de Ingeniería del Software\Solucion is an npm working directory
327 silly gentlyRm containing path C:\Users\Usuario\Documents\Universidad\4º año\1º Cuatrimestre\Procesos de Ingeniería del Software\Solucion is under npm's control, in C:\Users\Usuario\Documents\Universidad\4º año\1º Cuatrimestre\Procesos de Ingeniería del Software\Solucion
328 silly gentlyRm deletion target C:\Users\Usuario\Documents\Universidad\4º año\1º Cuatrimestre\Procesos de Ingeniería del Software\Solucion\node_modules\.bin\usleepuv is under C:\Users\Usuario\Documents\Universidad\4º año\1º Cuatrimestre\Procesos de Ingeniería del Software\Solucion
329 verbose gentlyRm vacuuming from C:\Users\Usuario\Documents\Universidad\4º año\1º Cuatrimestre\Procesos de Ingeniería del Software\Solucion\node_modules\.bin\usleepuv up to C:\Users\Usuario\Documents\Universidad\4º año\1º Cuatrimestre\Procesos de Ingeniería del Software\Solucion
330 silly vacuum-fs removing C:\Users\Usuario\Documents\Universidad\4º año\1º Cuatrimestre\Procesos de Ingeniería del Software\Solucion\node_modules\.bin\sleep
331 silly vacuum-fs removing C:\Users\Usuario\Documents\Universidad\4º año\1º Cuatrimestre\Procesos de Ingeniería del Software\Solucion\node_modules\.bin\sleepuv
332 silly vacuum-fs removing C:\Users\Usuario\Documents\Universidad\4º año\1º Cuatrimestre\Procesos de Ingeniería del Software\Solucion\node_modules\.bin\usleep
333 silly vacuum-fs removing C:\Users\Usuario\Documents\Universidad\4º año\1º Cuatrimestre\Procesos de Ingeniería del Software\Solucion\node_modules\.bin\usleepuv
334 silly vacuum-fs quitting because other entries in C:\Users\Usuario\Documents\Universidad\4º año\1º Cuatrimestre\Procesos de Ingeniería del Software\Solucion\node_modules\.bin
335 silly vacuum-fs quitting because other entries in C:\Users\Usuario\Documents\Universidad\4º año\1º Cuatrimestre\Procesos de Ingeniería del Software\Solucion\node_modules\.bin
336 silly vacuum-fs quitting because other entries in C:\Users\Usuario\Documents\Universidad\4º año\1º Cuatrimestre\Procesos de Ingeniería del Software\Solucion\node_modules\.bin
337 silly vacuum-fs quitting because other entries in C:\Users\Usuario\Documents\Universidad\4º año\1º Cuatrimestre\Procesos de Ingeniería del Software\Solucion\node_modules\.bin
338 info postuninstall sleep@4.0.0
339 silly gentlyRm C:\Users\Usuario\Documents\Universidad\4º año\1º Cuatrimestre\Procesos de Ingeniería del Software\Solucion\node_modules\sleep is being purged from base C:\Users\Usuario\Documents\Universidad\4º año\1º Cuatrimestre\Procesos de Ingeniería del Software\Solucion
340 verbose gentlyRm don't care about contents; nuking C:\Users\Usuario\Documents\Universidad\4º año\1º Cuatrimestre\Procesos de Ingeniería del Software\Solucion\node_modules\sleep
341 silly vacuum-fs purging C:\Users\Usuario\Documents\Universidad\4º año\1º Cuatrimestre\Procesos de Ingeniería del Software\Solucion\node_modules\sleep
342 silly vacuum-fs quitting because other entries in C:\Users\Usuario\Documents\Universidad\4º año\1º Cuatrimestre\Procesos de Ingeniería del Software\Solucion\node_modules
